<?xml version='1.0' encoding='UTF-8' ?>
<testsuite name="com.example.android.phonenumberspinner.SpinnerSelectionTest" tests="2" failures="0" errors="0" skipped="0" time="4.886" timestamp="2022-11-20T13:22:50" hostname="localhost">
  <properties>
    <property name="device" value="Pixel_5_API_30(AVD) - 11" />
    <property name="flavor" value="" />
    <property name="project" value=":app" />
  </properties>
  <testcase name="iterateSpinnerItems" classname="com.example.android.phonenumberspinner.SpinnerSelectionTest" time="3.472" />
  <testcase name="useAppContext" classname="com.example.android.phonenumberspinner.SpinnerSelectionTest" time="0.389" />
</testsuite>